src-tauri/gen/android/app/build/intermediates/manifest_merge_blame_file/universalRelease/processUniversalReleaseMainManifest/manifest-merger-blame-universal-release-report.txt
1<?xml version="1.0" encoding="utf-8"?>
2<manifest xmlns:android="http://schemas.android.com/apk/res/android"
3    package="com.hotcocoa.desktop"
4    android:versionCode="1000"
5    android:versionName="0.1.0" >
6
7    <uses-sdk
8        android:minSdkVersion="24"
9        android:targetSdkVersion="36" />
10
11    <uses-permission android:name="android.permission.INTERNET" />
11-->src/main/AndroidManifest.xml:3:5-67
11-->src/main/AndroidManifest.xml:3:22-64
12
13    <!-- AndroidTV support -->
14    <uses-feature
14-->src/main/AndroidManifest.xml:6:5-87
15        android:name="android.software.leanback"
15-->src/main/AndroidManifest.xml:6:19-59
16        android:required="false" />
16-->src/main/AndroidManifest.xml:6:60-84
17
18    <uses-permission android:name="android.permission.RECEIVE_BOOT_COMPLETED" />
18-->[:tauri-plugin-notification] AndroidManifest.xml:7:5-81
18-->[:tauri-plugin-notification] AndroidManifest.xml:7:22-78
19    <uses-permission android:name="android.permission.WAKE_LOCK" />
19-->[:tauri-plugin-notification] AndroidManifest.xml:8:5-68
19-->[:tauri-plugin-notification] AndroidManifest.xml:8:22-65
20    <uses-permission android:name="android.permission.POST_NOTIFICATIONS" />
20-->[:tauri-plugin-notification] AndroidManifest.xml:9:5-77
20-->[:tauri-plugin-notification] AndroidManifest.xml:9:22-74
21
22    <permission
22-->[androidx.core:core:1.15.0] AndroidManifest.xml:22:5-24:47
23        android:name="com.hotcocoa.desktop.DYNAMIC_RECEIVER_NOT_EXPORTED_PERMISSION"
23-->[androidx.core:core:1.15.0] AndroidManifest.xml:23:9-81
24        android:protectionLevel="signature" />
24-->[androidx.core:core:1.15.0] AndroidManifest.xml:24:9-44
25
26    <uses-permission android:name="com.hotcocoa.desktop.DYNAMIC_RECEIVER_NOT_EXPORTED_PERMISSION" />
26-->[androidx.core:core:1.15.0] AndroidManifest.xml:26:5-97
26-->[androidx.core:core:1.15.0] AndroidManifest.xml:26:22-94
27
28    <application
29        android:appComponentFactory="androidx.core.app.CoreComponentFactory"
29-->[androidx.core:core:1.15.0] AndroidManifest.xml:28:18-86
30        android:extractNativeLibs="false"
31        android:icon="@mipmap/ic_launcher"
31-->src/main/AndroidManifest.xml:9:9-43
32        android:label="@string/app_name"
32-->src/main/AndroidManifest.xml:10:9-41
33        android:theme="@style/Theme.hotcocoa"
33-->src/main/AndroidManifest.xml:11:9-46
34        android:usesCleartextTraffic="false" >
34-->src/main/AndroidManifest.xml:12:9-63
35        <activity
35-->src/main/AndroidManifest.xml:13:9-25:20
36            android:name="com.hotcocoa.desktop.MainActivity"
36-->src/main/AndroidManifest.xml:17:13-41
37            android:configChanges="orientation|keyboardHidden|keyboard|screenSize|locale|smallestScreenSize|screenLayout|uiMode"
37-->src/main/AndroidManifest.xml:14:13-129
38            android:exported="true"
38-->src/main/AndroidManifest.xml:18:13-36
39            android:label="@string/main_activity_title"
39-->src/main/AndroidManifest.xml:16:13-56
40            android:launchMode="singleTask" >
40-->src/main/AndroidManifest.xml:15:13-44
41            <intent-filter>
41-->src/main/AndroidManifest.xml:19:13-24:29
42                <action android:name="android.intent.action.MAIN" />
42-->src/main/AndroidManifest.xml:20:17-69
42-->src/main/AndroidManifest.xml:20:25-66
43
44                <category android:name="android.intent.category.LAUNCHER" />
44-->src/main/AndroidManifest.xml:21:17-77
44-->src/main/AndroidManifest.xml:21:27-74
45                <!-- AndroidTV support -->
46                <category android:name="android.intent.category.LEANBACK_LAUNCHER" />
46-->src/main/AndroidManifest.xml:23:17-86
46-->src/main/AndroidManifest.xml:23:27-83
47            </intent-filter>
48        </activity>
49
50        <provider
51            android:name="androidx.core.content.FileProvider"
51-->src/main/AndroidManifest.xml:28:11-60
52            android:authorities="com.hotcocoa.desktop.fileprovider"
52-->src/main/AndroidManifest.xml:29:11-62
53            android:exported="false"
53-->src/main/AndroidManifest.xml:30:11-35
54            android:grantUriPermissions="true" >
54-->src/main/AndroidManifest.xml:31:11-45
55            <meta-data
55-->src/main/AndroidManifest.xml:32:11-34:50
56                android:name="android.support.FILE_PROVIDER_PATHS"
56-->src/main/AndroidManifest.xml:33:13-63
57                android:resource="@xml/file_paths" />
57-->src/main/AndroidManifest.xml:34:13-47
58        </provider>
59
60        <receiver android:name="app.tauri.notification.TimedNotificationPublisher" />
60-->[:tauri-plugin-notification] AndroidManifest.xml:12:9-86
60-->[:tauri-plugin-notification] AndroidManifest.xml:12:19-83
61        <receiver android:name="app.tauri.notification.NotificationDismissReceiver" />
61-->[:tauri-plugin-notification] AndroidManifest.xml:13:9-87
61-->[:tauri-plugin-notification] AndroidManifest.xml:13:19-84
62        <receiver
62-->[:tauri-plugin-notification] AndroidManifest.xml:14:9-23:20
63            android:name="app.tauri.notification.LocalNotificationRestoreReceiver"
63-->[:tauri-plugin-notification] AndroidManifest.xml:15:13-83
64            android:directBootAware="true"
64-->[:tauri-plugin-notification] AndroidManifest.xml:16:13-43
65            android:exported="false" >
65-->[:tauri-plugin-notification] AndroidManifest.xml:17:13-37
66            <intent-filter>
66-->[:tauri-plugin-notification] AndroidManifest.xml:18:13-22:29
67                <action android:name="android.intent.action.LOCKED_BOOT_COMPLETED" />
67-->[:tauri-plugin-notification] AndroidManifest.xml:19:17-86
67-->[:tauri-plugin-notification] AndroidManifest.xml:19:25-83
68                <action android:name="android.intent.action.BOOT_COMPLETED" />
68-->[:tauri-plugin-notification] AndroidManifest.xml:20:17-79
68-->[:tauri-plugin-notification] AndroidManifest.xml:20:25-76
69                <action android:name="android.intent.action.QUICKBOOT_POWERON" />
69-->[:tauri-plugin-notification] AndroidManifest.xml:21:17-82
69-->[:tauri-plugin-notification] AndroidManifest.xml:21:25-79
70            </intent-filter>
71        </receiver>
72
73        <provider
73-->[androidx.emoji2:emoji2:1.3.0] AndroidManifest.xml:24:9-32:20
74            android:name="androidx.startup.InitializationProvider"
74-->[androidx.emoji2:emoji2:1.3.0] AndroidManifest.xml:25:13-67
75            android:authorities="com.hotcocoa.desktop.androidx-startup"
75-->[androidx.emoji2:emoji2:1.3.0] AndroidManifest.xml:26:13-68
76            android:exported="false" >
76-->[androidx.emoji2:emoji2:1.3.0] AndroidManifest.xml:27:13-37
77            <meta-data
77-->[androidx.emoji2:emoji2:1.3.0] AndroidManifest.xml:29:13-31:52
78                android:name="androidx.emoji2.text.EmojiCompatInitializer"
78-->[androidx.emoji2:emoji2:1.3.0] AndroidManifest.xml:30:17-75
79                android:value="androidx.startup" />
79-->[androidx.emoji2:emoji2:1.3.0] AndroidManifest.xml:31:17-49
80            <meta-data
80-->[androidx.lifecycle:lifecycle-process:2.6.2] AndroidManifest.xml:29:13-31:52
81                android:name="androidx.lifecycle.ProcessLifecycleInitializer"
81-->[androidx.lifecycle:lifecycle-process:2.6.2] AndroidManifest.xml:30:17-78
82                android:value="androidx.startup" />
82-->[androidx.lifecycle:lifecycle-process:2.6.2] AndroidManifest.xml:31:17-49
83            <meta-data
83-->[androidx.profileinstaller:profileinstaller:1.4.0] AndroidManifest.xml:29:13-31:52
84                android:name="androidx.profileinstaller.ProfileInstallerInitializer"
84-->[androidx.profileinstaller:profileinstaller:1.4.0] AndroidManifest.xml:30:17-85
85                android:value="androidx.startup" />
85-->[androidx.profileinstaller:profileinstaller:1.4.0] AndroidManifest.xml:31:17-49
86        </provider>
87
88        <receiver
88-->[androidx.profileinstaller:profileinstaller:1.4.0] AndroidManifest.xml:34:9-52:20
89            android:name="androidx.profileinstaller.ProfileInstallReceiver"
89-->[androidx.profileinstaller:profileinstaller:1.4.0] AndroidManifest.xml:35:13-76
90            android:directBootAware="false"
90-->[androidx.profileinstaller:profileinstaller:1.4.0] AndroidManifest.xml:36:13-44
91            android:enabled="true"
91-->[androidx.profileinstaller:profileinstaller:1.4.0] AndroidManifest.xml:37:13-35
92            android:exported="true"
92-->[androidx.profileinstaller:profileinstaller:1.4.0] AndroidManifest.xml:38:13-36
93            android:permission="android.permission.DUMP" >
93-->[androidx.profileinstaller:profileinstaller:1.4.0] AndroidManifest.xml:39:13-57
94            <intent-filter>
94-->[androidx.profileinstaller:profileinstaller:1.4.0] AndroidManifest.xml:40:13-42:29
95                <action android:name="androidx.profileinstaller.action.INSTALL_PROFILE" />
95-->[androidx.profileinstaller:profileinstaller:1.4.0] AndroidManifest.xml:41:17-91
95-->[androidx.profileinstaller:profileinstaller:1.4.0] AndroidManifest.xml:41:25-88
96            </intent-filter>
97            <intent-filter>
97-->[androidx.profileinstaller:profileinstaller:1.4.0] AndroidManifest.xml:43:13-45:29
98                <action android:name="androidx.profileinstaller.action.SKIP_FILE" />
98-->[androidx.profileinstaller:profileinstaller:1.4.0] AndroidManifest.xml:44:17-85
98-->[androidx.profileinstaller:profileinstaller:1.4.0] AndroidManifest.xml:44:25-82
99            </intent-filter>
100            <intent-filter>
100-->[androidx.profileinstaller:profileinstaller:1.4.0] AndroidManifest.xml:46:13-48:29
101                <action android:name="androidx.profileinstaller.action.SAVE_PROFILE" />
101-->[androidx.profileinstaller:profileinstaller:1.4.0] AndroidManifest.xml:47:17-88
101-->[androidx.profileinstaller:profileinstaller:1.4.0] AndroidManifest.xml:47:25-85
102            </intent-filter>
103            <intent-filter>
103-->[androidx.profileinstaller:profileinstaller:1.4.0] AndroidManifest.xml:49:13-51:29
104                <action android:name="androidx.profileinstaller.action.BENCHMARK_OPERATION" />
104-->[androidx.profileinstaller:profileinstaller:1.4.0] AndroidManifest.xml:50:17-95
104-->[androidx.profileinstaller:profileinstaller:1.4.0] AndroidManifest.xml:50:25-92
105            </intent-filter>
106        </receiver>
107    </application>
108
109</manifest>